<?xml version="1.0" encoding="UTF-8"?>
<testng-results ignored="0" total="1" passed="1" failed="0" skipped="0">
  <reporter-output>
  </reporter-output>
  <suite started-at="2021-10-15T18:01:54 CDT" name="Default suite" finished-at="2021-10-15T18:02:00 CDT" duration-ms="5492">
    <groups>
    </groups>
    <test started-at="2021-10-15T18:01:54 CDT" name="Default test" finished-at="2021-10-15T18:02:00 CDT" duration-ms="5492">
      <class name="test.LoginTest">
        <test-method signature="validUserShouldBeAbleToLogin()[pri:0, instance:test.LoginTest@22875539]" started-at="2021-10-15T18:01:54 CDT" name="validUserShouldBeAbleToLogin" finished-at="2021-10-15T18:02:00 CDT" duration-ms="5447" status="PASS">
          <reporter-output>
          </reporter-output>
        </test-method> <!-- validUserShouldBeAbleToLogin -->
      </class> <!-- test.LoginTest -->
    </test> <!-- Default test -->
  </suite> <!-- Default suite -->
</testng-results>
